04-Oct-2021 17:51:56.756 INFO [main] org.apache.catalina.startup.VersionLoggerListener.log Server version name:   Apache Tomcat/9.0.52
04-Oct-2021 17:51:56.761 INFO [main] org.apache.catalina.startup.VersionLoggerListener.log Server built:          Jul 31 2021 04:12:17 UTC
04-Oct-2021 17:51:56.761 INFO [main] org.apache.catalina.startup.VersionLoggerListener.log Server version number: 9.0.52.0
04-Oct-2021 17:51:56.761 INFO [main] org.apache.catalina.startup.VersionLoggerListener.log OS Name:               Mac OS X
04-Oct-2021 17:51:56.762 INFO [main] org.apache.catalina.startup.VersionLoggerListener.log OS Version:            11.5
04-Oct-2021 17:51:56.762 INFO [main] org.apache.catalina.startup.VersionLoggerListener.log Architecture:          x86_64
04-Oct-2021 17:51:56.762 INFO [main] org.apache.catalina.startup.VersionLoggerListener.log Java Home:             /Library/Java/JavaVirtualMachines/jdk-11.0.12.jdk/Contents/Home
04-Oct-2021 17:51:56.762 INFO [main] org.apache.catalina.startup.VersionLoggerListener.log JVM Version:           11.0.12+8-LTS-237
04-Oct-2021 17:51:56.763 INFO [main] org.apache.catalina.startup.VersionLoggerListener.log JVM Vendor:            Oracle Corporation
04-Oct-2021 17:51:56.763 INFO [main] org.apache.catalina.startup.VersionLoggerListener.log CATALINA_BASE:         /usr/local/apache-tomcat-9.0.52
04-Oct-2021 17:51:56.763 INFO [main] org.apache.catalina.startup.VersionLoggerListener.log CATALINA_HOME:         /usr/local/apache-tomcat-9.0.52
04-Oct-2021 17:51:56.844 INFO [main] org.apache.catalina.startup.VersionLoggerListener.log Command line argument: --add-opens=java.base/java.lang=ALL-UNNAMED
04-Oct-2021 17:51:56.845 INFO [main] org.apache.catalina.startup.VersionLoggerListener.log Command line argument: --add-opens=java.base/java.io=ALL-UNNAMED
04-Oct-2021 17:51:56.845 INFO [main] org.apache.catalina.startup.VersionLoggerListener.log Command line argument: --add-opens=java.base/java.util=ALL-UNNAMED
04-Oct-2021 17:51:56.845 INFO [main] org.apache.catalina.startup.VersionLoggerListener.log Command line argument: --add-opens=java.base/java.util.concurrent=ALL-UNNAMED
04-Oct-2021 17:51:56.845 INFO [main] org.apache.catalina.startup.VersionLoggerListener.log Command line argument: --add-opens=java.rmi/sun.rmi.transport=ALL-UNNAMED
04-Oct-2021 17:51:56.846 INFO [main] org.apache.catalina.startup.VersionLoggerListener.log Command line argument: -Djava.util.logging.config.file=/usr/local/apache-tomcat-9.0.52/conf/logging.properties
04-Oct-2021 17:51:56.846 INFO [main] org.apache.catalina.startup.VersionLoggerListener.log Command line argument: -Djava.util.logging.manager=org.apache.juli.ClassLoaderLogManager
04-Oct-2021 17:51:56.846 INFO [main] org.apache.catalina.startup.VersionLoggerListener.log Command line argument: -Djdk.tls.ephemeralDHKeySize=2048
04-Oct-2021 17:51:56.846 INFO [main] org.apache.catalina.startup.VersionLoggerListener.log Command line argument: -Djava.protocol.handler.pkgs=org.apache.catalina.webresources
04-Oct-2021 17:51:56.846 INFO [main] org.apache.catalina.startup.VersionLoggerListener.log Command line argument: -Dorg.apache.catalina.security.SecurityListener.UMASK=0027
04-Oct-2021 17:51:56.846 INFO [main] org.apache.catalina.startup.VersionLoggerListener.log Command line argument: -Dignore.endorsed.dirs=
04-Oct-2021 17:51:56.847 INFO [main] org.apache.catalina.startup.VersionLoggerListener.log Command line argument: -Dcatalina.base=/usr/local/apache-tomcat-9.0.52
04-Oct-2021 17:51:56.847 INFO [main] org.apache.catalina.startup.VersionLoggerListener.log Command line argument: -Dcatalina.home=/usr/local/apache-tomcat-9.0.52
04-Oct-2021 17:51:56.847 INFO [main] org.apache.catalina.startup.VersionLoggerListener.log Command line argument: -Djava.io.tmpdir=/usr/local/apache-tomcat-9.0.52/temp
04-Oct-2021 17:51:56.854 INFO [main] org.apache.catalina.core.AprLifecycleListener.lifecycleEvent The Apache Tomcat Native library which allows using OpenSSL was not found on the java.library.path: [/Users/philip/Library/Java/Extensions:/Library/Java/Extensions:/Network/Library/Java/Extensions:/System/Library/Java/Extensions:/usr/lib/java:.]
04-Oct-2021 17:51:57.567 INFO [main] org.apache.coyote.AbstractProtocol.init Initializing ProtocolHandler ["http-nio-8080"]
04-Oct-2021 17:51:57.703 INFO [main] org.apache.catalina.startup.Catalina.load Server initialization in [1555] milliseconds
04-Oct-2021 17:51:57.836 INFO [main] org.apache.catalina.core.StandardService.startInternal Starting service [Catalina]
04-Oct-2021 17:51:57.836 INFO [main] org.apache.catalina.core.StandardEngine.startInternal Starting Servlet engine: [Apache Tomcat/9.0.52]
04-Oct-2021 17:51:57.855 INFO [main] org.apache.catalina.startup.HostConfig.deployDirectory Deploying web application directory [/usr/local/apache-tomcat-9.0.52/webapps/docs]
04-Oct-2021 17:51:58.857 INFO [main] org.apache.catalina.startup.HostConfig.deployDirectory Deployment of web application directory [/usr/local/apache-tomcat-9.0.52/webapps/docs] has finished in [999] ms
04-Oct-2021 17:51:58.858 INFO [main] org.apache.catalina.startup.HostConfig.deployDirectory Deploying web application directory [/usr/local/apache-tomcat-9.0.52/webapps/manager]
04-Oct-2021 17:51:59.127 INFO [main] org.apache.catalina.startup.HostConfig.deployDirectory Deployment of web application directory [/usr/local/apache-tomcat-9.0.52/webapps/manager] has finished in [269] ms
04-Oct-2021 17:51:59.128 INFO [main] org.apache.catalina.startup.HostConfig.deployDirectory Deploying web application directory [/usr/local/apache-tomcat-9.0.52/webapps/examples]
04-Oct-2021 17:52:00.671 INFO [main] org.apache.catalina.startup.HostConfig.deployDirectory Deployment of web application directory [/usr/local/apache-tomcat-9.0.52/webapps/examples] has finished in [1,543] ms
04-Oct-2021 17:52:00.672 INFO [main] org.apache.catalina.startup.HostConfig.deployDirectory Deploying web application directory [/usr/local/apache-tomcat-9.0.52/webapps/ROOT]
04-Oct-2021 17:52:00.767 INFO [main] org.apache.catalina.startup.HostConfig.deployDirectory Deployment of web application directory [/usr/local/apache-tomcat-9.0.52/webapps/ROOT] has finished in [95] ms
04-Oct-2021 17:52:00.769 INFO [main] org.apache.catalina.startup.HostConfig.deployDirectory Deploying web application directory [/usr/local/apache-tomcat-9.0.52/webapps/host-manager]
04-Oct-2021 17:52:00.910 INFO [main] org.apache.catalina.startup.HostConfig.deployDirectory Deployment of web application directory [/usr/local/apache-tomcat-9.0.52/webapps/host-manager] has finished in [142] ms
04-Oct-2021 17:52:00.945 INFO [main] org.apache.coyote.AbstractProtocol.start Starting ProtocolHandler ["http-nio-8080"]
04-Oct-2021 17:52:00.987 INFO [main] org.apache.catalina.startup.Catalina.start Server startup in [3284] milliseconds
04-Oct-2021 18:38:43.094 INFO [Catalina-utility-1] org.apache.catalina.startup.HostConfig.deployDirectory Deploying web application directory [/usr/local/apache-tomcat-9.0.52/webapps/app]
04-Oct-2021 18:38:43.202 INFO [Catalina-utility-1] org.apache.catalina.startup.HostConfig.deployDirectory Deployment of web application directory [/usr/local/apache-tomcat-9.0.52/webapps/app] has finished in [108] ms
04-Oct-2021 19:08:54.091 INFO [main] org.apache.catalina.core.StandardServer.await A valid shutdown command was received via the shutdown port. Stopping the Server instance.
04-Oct-2021 19:08:54.098 INFO [main] org.apache.coyote.AbstractProtocol.pause Pausing ProtocolHandler ["http-nio-8080"]
04-Oct-2021 19:08:54.115 INFO [main] org.apache.catalina.core.StandardService.stopInternal Stopping service [Catalina]
04-Oct-2021 19:08:54.193 INFO [main] org.apache.coyote.AbstractProtocol.stop Stopping ProtocolHandler ["http-nio-8080"]
04-Oct-2021 19:08:54.226 INFO [main] org.apache.coyote.AbstractProtocol.destroy Destroying ProtocolHandler ["http-nio-8080"]
04-Oct-2021 19:09:12.478 INFO [main] org.apache.catalina.startup.VersionLoggerListener.log Server version name:   Apache Tomcat/9.0.52
04-Oct-2021 19:09:12.484 INFO [main] org.apache.catalina.startup.VersionLoggerListener.log Server built:          Jul 31 2021 04:12:17 UTC
04-Oct-2021 19:09:12.484 INFO [main] org.apache.catalina.startup.VersionLoggerListener.log Server version number: 9.0.52.0
04-Oct-2021 19:09:12.485 INFO [main] org.apache.catalina.startup.VersionLoggerListener.log OS Name:               Mac OS X
04-Oct-2021 19:09:12.485 INFO [main] org.apache.catalina.startup.VersionLoggerListener.log OS Version:            11.5
04-Oct-2021 19:09:12.485 INFO [main] org.apache.catalina.startup.VersionLoggerListener.log Architecture:          x86_64
04-Oct-2021 19:09:12.485 INFO [main] org.apache.catalina.startup.VersionLoggerListener.log Java Home:             /Library/Java/JavaVirtualMachines/jdk-11.0.12.jdk/Contents/Home
04-Oct-2021 19:09:12.485 INFO [main] org.apache.catalina.startup.VersionLoggerListener.log JVM Version:           11.0.12+8-LTS-237
04-Oct-2021 19:09:12.485 INFO [main] org.apache.catalina.startup.VersionLoggerListener.log JVM Vendor:            Oracle Corporation
04-Oct-2021 19:09:12.485 INFO [main] org.apache.catalina.startup.VersionLoggerListener.log CATALINA_BASE:         /usr/local/apache-tomcat-9.0.52
04-Oct-2021 19:09:12.486 INFO [main] org.apache.catalina.startup.VersionLoggerListener.log CATALINA_HOME:         /usr/local/apache-tomcat-9.0.52
04-Oct-2021 19:09:12.532 INFO [main] org.apache.catalina.startup.VersionLoggerListener.log Command line argument: --add-opens=java.base/java.lang=ALL-UNNAMED
04-Oct-2021 19:09:12.532 INFO [main] org.apache.catalina.startup.VersionLoggerListener.log Command line argument: --add-opens=java.base/java.io=ALL-UNNAMED
04-Oct-2021 19:09:12.533 INFO [main] org.apache.catalina.startup.VersionLoggerListener.log Command line argument: --add-opens=java.base/java.util=ALL-UNNAMED
04-Oct-2021 19:09:12.533 INFO [main] org.apache.catalina.startup.VersionLoggerListener.log Command line argument: --add-opens=java.base/java.util.concurrent=ALL-UNNAMED
04-Oct-2021 19:09:12.533 INFO [main] org.apache.catalina.startup.VersionLoggerListener.log Command line argument: --add-opens=java.rmi/sun.rmi.transport=ALL-UNNAMED
04-Oct-2021 19:09:12.533 INFO [main] org.apache.catalina.startup.VersionLoggerListener.log Command line argument: -Djava.util.logging.config.file=/usr/local/apache-tomcat-9.0.52/conf/logging.properties
04-Oct-2021 19:09:12.533 INFO [main] org.apache.catalina.startup.VersionLoggerListener.log Command line argument: -Djava.util.logging.manager=org.apache.juli.ClassLoaderLogManager
04-Oct-2021 19:09:12.533 INFO [main] org.apache.catalina.startup.VersionLoggerListener.log Command line argument: -Djdk.tls.ephemeralDHKeySize=2048
04-Oct-2021 19:09:12.534 INFO [main] org.apache.catalina.startup.VersionLoggerListener.log Command line argument: -Djava.protocol.handler.pkgs=org.apache.catalina.webresources
04-Oct-2021 19:09:12.534 INFO [main] org.apache.catalina.startup.VersionLoggerListener.log Command line argument: -Dorg.apache.catalina.security.SecurityListener.UMASK=0027
04-Oct-2021 19:09:12.534 INFO [main] org.apache.catalina.startup.VersionLoggerListener.log Command line argument: -Dignore.endorsed.dirs=
04-Oct-2021 19:09:12.534 INFO [main] org.apache.catalina.startup.VersionLoggerListener.log Command line argument: -Dcatalina.base=/usr/local/apache-tomcat-9.0.52
04-Oct-2021 19:09:12.534 INFO [main] org.apache.catalina.startup.VersionLoggerListener.log Command line argument: -Dcatalina.home=/usr/local/apache-tomcat-9.0.52
04-Oct-2021 19:09:12.534 INFO [main] org.apache.catalina.startup.VersionLoggerListener.log Command line argument: -Djava.io.tmpdir=/usr/local/apache-tomcat-9.0.52/temp
04-Oct-2021 19:09:12.539 INFO [main] org.apache.catalina.core.AprLifecycleListener.lifecycleEvent The Apache Tomcat Native library which allows using OpenSSL was not found on the java.library.path: [/Users/philip/Library/Java/Extensions:/Library/Java/Extensions:/Network/Library/Java/Extensions:/System/Library/Java/Extensions:/usr/lib/java:.]
04-Oct-2021 19:09:13.165 INFO [main] org.apache.coyote.AbstractProtocol.init Initializing ProtocolHandler ["http-nio-8080"]
04-Oct-2021 19:09:13.257 INFO [main] org.apache.catalina.startup.Catalina.load Server initialization in [1208] milliseconds
04-Oct-2021 19:09:13.395 INFO [main] org.apache.catalina.core.StandardService.startInternal Starting service [Catalina]
04-Oct-2021 19:09:13.395 INFO [main] org.apache.catalina.core.StandardEngine.startInternal Starting Servlet engine: [Apache Tomcat/9.0.52]
04-Oct-2021 19:09:13.413 INFO [main] org.apache.catalina.startup.HostConfig.deployDirectory Deploying web application directory [/usr/local/apache-tomcat-9.0.52/webapps/app]
04-Oct-2021 19:09:14.224 INFO [main] org.apache.catalina.startup.HostConfig.deployDirectory Deployment of web application directory [/usr/local/apache-tomcat-9.0.52/webapps/app] has finished in [810] ms
04-Oct-2021 19:09:14.225 INFO [main] org.apache.catalina.startup.HostConfig.deployDirectory Deploying web application directory [/usr/local/apache-tomcat-9.0.52/webapps/docs]
04-Oct-2021 19:09:14.286 INFO [main] org.apache.catalina.startup.HostConfig.deployDirectory Deployment of web application directory [/usr/local/apache-tomcat-9.0.52/webapps/docs] has finished in [60] ms
04-Oct-2021 19:09:14.286 INFO [main] org.apache.catalina.startup.HostConfig.deployDirectory Deploying web application directory [/usr/local/apache-tomcat-9.0.52/webapps/manager]
04-Oct-2021 19:09:14.378 INFO [main] org.apache.catalina.startup.HostConfig.deployDirectory Deployment of web application directory [/usr/local/apache-tomcat-9.0.52/webapps/manager] has finished in [91] ms
04-Oct-2021 19:09:14.379 INFO [main] org.apache.catalina.startup.HostConfig.deployDirectory Deploying web application directory [/usr/local/apache-tomcat-9.0.52/webapps/examples]
04-Oct-2021 19:09:15.385 INFO [main] org.apache.catalina.startup.HostConfig.deployDirectory Deployment of web application directory [/usr/local/apache-tomcat-9.0.52/webapps/examples] has finished in [1,006] ms
04-Oct-2021 19:09:15.385 INFO [main] org.apache.catalina.startup.HostConfig.deployDirectory Deploying web application directory [/usr/local/apache-tomcat-9.0.52/webapps/ROOT]
04-Oct-2021 19:09:15.421 INFO [main] org.apache.catalina.startup.HostConfig.deployDirectory Deployment of web application directory [/usr/local/apache-tomcat-9.0.52/webapps/ROOT] has finished in [36] ms
04-Oct-2021 19:09:15.422 INFO [main] org.apache.catalina.startup.HostConfig.deployDirectory Deploying web application directory [/usr/local/apache-tomcat-9.0.52/webapps/host-manager]
04-Oct-2021 19:09:15.486 INFO [main] org.apache.catalina.startup.HostConfig.deployDirectory Deployment of web application directory [/usr/local/apache-tomcat-9.0.52/webapps/host-manager] has finished in [64] ms
04-Oct-2021 19:09:15.500 INFO [main] org.apache.coyote.AbstractProtocol.start Starting ProtocolHandler ["http-nio-8080"]
04-Oct-2021 19:09:15.561 INFO [main] org.apache.catalina.startup.Catalina.start Server startup in [2303] milliseconds
